<?xml version="1.0" encoding="utf-8"?><testsuites name="pytest tests"><testsuite name="pytest" errors="0" failures="0" skipped="2" tests="22" time="69.583" timestamp="2026-09-08T19:10:20.981433+00:00" hostname="agent-env-af9f8429-7a15-4bca-9f40-669c5bf31bc2"><testcase classname="tests.test_predeploy_audit.TestPublicVendorListing" name="test_only_approved_public" time="35.989" /><testcase classname="tests.test_predeploy_audit.TestPublicVendorListing" name="test_unapproved_slug_hidden" time="12.909"><skipped type="pytest.skip" message="No non-approved vendors with unique slugs in seed">/app/backend/tests/test_predeploy_audit.py:91: No non-approved vendors with unique slugs in seed</skipped></testcase><testcase classname="tests.test_predeploy_audit.TestSeededAuth" name="test_admin_role" time="0.410" /><testcase classname="tests.test_predeploy_audit.TestSeededAuth" name="test_vendor_role" time="0.277" /><testcase classname="tests.test_predeploy_audit.TestRBAC" name="test_customer_forbidden_admin" time="0.974" /><testcase classname="tests.test_predeploy_audit.TestRBAC" name="test_customer_forbidden_vendor" time="0.793" /><testcase classname="tests.test_predeploy_audit.TestRBAC" name="test_vendor_forbidden_admin" time="0.691" /><testcase classname="tests.test_predeploy_audit.TestNoSecretLeaks" name="test_payment_settings_no_secrets" time="11.384" /><testcase classname="tests.test_predeploy_audit.TestNoSecretLeaks" name="test_integrations_no_secrets" time="0.165" /><testcase classname="tests.test_predeploy_audit.TestNoSecretLeaks" name="test_payments_config_public" time="0.158" /><testcase classname="tests.test_predeploy_audit.TestPaymentModeDemo" name="test_current_mode_demo" time="0.185" /><testcase classname="tests.test_predeploy_audit.TestPaymentModeDemo" name="test_test_connection_not_configured" time="0.155" /><testcase classname="tests.test_predeploy_audit.TestPaymentModeDemo" name="test_cannot_switch_to_unconfigured_razorpay" time="0.154" /><testcase classname="tests.test_predeploy_audit.TestGalleryEntitlement" name="test_free_plan_gallery_cap" time="0.331"><skipped type="pytest.skip" message="Vendor on Free with max_gallery=30; Free-cap already validated in prior run">/app/backend/tests/test_predeploy_audit.py:192: Vendor on Free with max_gallery=30; Free-cap already validated in prior run</skipped></testcase><testcase classname="tests.test_predeploy_audit.TestGalleryEntitlement" name="test_subscribe_then_more_gallery" time="0.598" /><testcase classname="tests.test_predeploy_audit.TestBlockedDateEnforcement" name="test_blocked_date_rejected_on_accept" time="0.720" /><testcase classname="tests.test_predeploy_audit.TestBlockedDateEnforcement" name="test_double_booking_rejected" time="2.193" /><testcase classname="tests.test_predeploy_audit.TestVendorDashboard" name="test_vendor_me_and_stats" time="0.329" /><testcase classname="tests.test_predeploy_audit.TestVendorDashboard" name="test_vendor_bookings_and_payments" time="0.469" /><testcase classname="tests.test_predeploy_audit.TestAdminConsole" name="test_admin_stats" time="0.135" /><testcase classname="tests.test_predeploy_audit.TestAdminConsole" name="test_admin_plans_and_upsert" time="0.330" /><testcase classname="tests.test_predeploy_audit.TestAdminConsole" name="test_admin_audit_logs" time="0.151" /></testsuite></testsuites>