<?xml version="1.0" encoding="utf-8"?><testsuites name="pytest tests"><testsuite name="pytest" errors="0" failures="0" skipped="1" tests="33" time="6.148" timestamp="2026-09-08T13:56:35.750293+00:00" hostname="agent-env-af9f8429-7a15-4bca-9f40-669c5bf31bc2"><testcase classname="tests.backend_test.TestMarketplace" name="test_categories" time="0.399" /><testcase classname="tests.backend_test.TestAuth" name="test_send_otp_valid" time="0.386" /><testcase classname="tests.backend_test.TestAuth" name="test_send_otp_invalid_phone" time="0.083" /><testcase classname="tests.backend_test.TestMarketplace" name="test_event_types" time="0.136" /><testcase classname="tests.backend_test.TestAuth" name="test_send_otp_rate_limit" time="0.691" /><testcase classname="tests.backend_test.TestMarketplace" name="test_cities_hyderabad" time="0.139" /><testcase classname="tests.backend_test.TestMarketplace" name="test_banners_hyderabad" time="0.140" /><testcase classname="tests.backend_test.TestMarketplace" name="test_vendors_list" time="0.259" /><testcase classname="tests.backend_test.TestMarketplace" name="test_vendors_filter_verified" time="0.218" /><testcase classname="tests.backend_test.TestAuth" name="test_verify_with_demo_otp" time="0.181" /><testcase classname="tests.backend_test.TestMarketplace" name="test_vendors_search" time="0.139" /><testcase classname="tests.backend_test.TestAuth" name="test_verify_with_universal_code" time="0.101" /><testcase classname="tests.backend_test.TestMarketplace" name="test_vendors_sort_price_low" time="0.135" /><testcase classname="tests.backend_test.TestAuth" name="test_verify_incorrect_code" time="0.193" /><testcase classname="tests.backend_test.TestMarketplace" name="test_vendor_detail_known_slug" time="0.164"><skipped type="pytest.skip" message="vendor-hub-787 slug not seeded; test unknown 404 instead">/app/backend/tests/backend_test.py:176: vendor-hub-787 slug not seeded; test unknown 404 instead</skipped></testcase><testcase classname="tests.backend_test.TestAuth" name="test_seeded_admin_role" time="0.247" /><testcase classname="tests.backend_test.TestMarketplace" name="test_vendor_detail_unknown" time="0.163" /><testcase classname="tests.backend_test.TestAuth" name="test_seeded_vendor_role" time="0.099" /><testcase classname="tests.backend_test.TestAuth" name="test_me_requires_token" time="0.199" /><testcase classname="tests.backend_test.TestAdminRBAC" name="test_admin_stats" time="0.352" /><testcase classname="tests.backend_test.TestAdminRBAC" name="test_admin_vendors_list" time="0.216" /><testcase classname="tests.backend_test.TestAuth" name="test_me_with_token" time="0.269" /><testcase classname="tests.backend_test.TestCustomer" name="test_favorites_toggle" time="0.866" /><testcase classname="tests.backend_test.TestAdminRBAC" name="test_customer_forbidden_admin_routes" time="0.535" /><testcase classname="tests.backend_test.TestAdminRBAC" name="test_admin_approve_pending_vendor" time="0.612" /><testcase classname="tests.backend_test.TestCustomer" name="test_favorites_requires_auth" time="0.159" /><testcase classname="tests.backend_test.TestCustomer" name="test_enquiries_create_and_list" time="0.776" /><testcase classname="tests.backend_test.TestAdminRBAC" name="test_admin_feature_unfeature" time="0.497" /><testcase classname="tests.backend_test.TestVendorRBAC" name="test_vendor_me" time="0.273" /><testcase classname="tests.backend_test.TestCustomer" name="test_event_create_and_checklist" time="0.436" /><testcase classname="tests.backend_test.TestVendorRBAC" name="test_vendor_stats" time="0.177" /><testcase classname="tests.backend_test.TestVendorRBAC" name="test_vendor_leads" time="0.158" /><testcase classname="tests.backend_test.TestVendorRBAC" name="test_customer_forbidden_vendor_routes" time="0.862" /></testsuite></testsuites>